0 info it worked if it ends with ok
1 verbose cli [ 'node',
1 verbose cli   '/usr/local/bin/npm',
1 verbose cli   'install',
1 verbose cli   '--save',
1 verbose cli   'body-p-parser' ]
2 info using npm@1.4.28
3 info using node@v0.10.33
4 verbose readDependencies using package.json deps
5 verbose cache add [ 'body-p-parser', null ]
6 verbose cache add name=undefined spec="body-p-parser" args=["body-p-parser",null]
7 verbose parsed url { protocol: null,
7 verbose parsed url   slashes: null,
7 verbose parsed url   auth: null,
7 verbose parsed url   host: null,
7 verbose parsed url   port: null,
7 verbose parsed url   hostname: null,
7 verbose parsed url   hash: null,
7 verbose parsed url   search: null,
7 verbose parsed url   query: null,
7 verbose parsed url   pathname: 'body-p-parser',
7 verbose parsed url   path: 'body-p-parser',
7 verbose parsed url   href: 'body-p-parser' }
8 silly lockFile 3c7c1a93-body-p-parser body-p-parser
9 verbose lock body-p-parser /Users/Jeffrytandiono/.npm/3c7c1a93-body-p-parser.lock
10 silly lockFile 3c7c1a93-body-p-parser body-p-parser
11 silly lockFile 3c7c1a93-body-p-parser body-p-parser
12 verbose addNamed [ 'body-p-parser', '' ]
13 verbose addNamed [ null, '*' ]
14 silly lockFile 2c8bbc6c-body-p-parser body-p-parser@
15 verbose lock body-p-parser@ /Users/Jeffrytandiono/.npm/2c8bbc6c-body-p-parser.lock
16 silly addNameRange { name: 'body-p-parser', range: '*', hasData: false }
17 verbose request where is /body-p-parser
18 verbose request registry https://registry.npmjs.org/
19 verbose request id 4258ad4b62743bda
20 verbose url raw /body-p-parser
21 verbose url resolving [ 'https://registry.npmjs.org/', './body-p-parser' ]
22 verbose url resolved https://registry.npmjs.org/body-p-parser
23 verbose request where is https://registry.npmjs.org/body-p-parser
24 info trying registry request attempt 1 at 16:41:07
25 http GET https://registry.npmjs.org/body-p-parser
26 http 404 https://registry.npmjs.org/body-p-parser
27 verbose headers { server: 'CouchDB/1.5.0 (Erlang OTP/R16B03)',
27 verbose headers   'content-type': 'application/json',
27 verbose headers   'cache-control': 'max-age=0',
27 verbose headers   'content-length': '51',
27 verbose headers   'accept-ranges': 'bytes',
27 verbose headers   date: 'Thu, 18 Jun 2015 09:41:07 GMT',
27 verbose headers   via: '1.1 varnish',
27 verbose headers   connection: 'keep-alive',
27 verbose headers   'x-served-by': 'cache-sin6924-SIN',
27 verbose headers   'x-cache': 'MISS',
27 verbose headers   'x-cache-hits': '0',
27 verbose headers   'x-timer': 'S1434620467.285856,VS0,VE269' }
28 silly registry.get cb [ 404,
28 silly registry.get   { server: 'CouchDB/1.5.0 (Erlang OTP/R16B03)',
28 silly registry.get     'content-type': 'application/json',
28 silly registry.get     'cache-control': 'max-age=0',
28 silly registry.get     'content-length': '51',
28 silly registry.get     'accept-ranges': 'bytes',
28 silly registry.get     date: 'Thu, 18 Jun 2015 09:41:07 GMT',
28 silly registry.get     via: '1.1 varnish',
28 silly registry.get     connection: 'keep-alive',
28 silly registry.get     'x-served-by': 'cache-sin6924-SIN',
28 silly registry.get     'x-cache': 'MISS',
28 silly registry.get     'x-cache-hits': '0',
28 silly registry.get     'x-timer': 'S1434620467.285856,VS0,VE269' } ]
29 silly lockFile 2c8bbc6c-body-p-parser body-p-parser@
30 silly lockFile 2c8bbc6c-body-p-parser body-p-parser@
31 error 404 404 Not Found: body-p-parser
31 error 404
31 error 404 'body-p-parser' is not in the npm registry.
31 error 404 You should bug the author to publish it
31 error 404 It was specified as a dependency of 'AplikasiToDoList'
31 error 404
31 error 404 Note that you can also install from a
31 error 404 tarball, folder, or http url, or git url.
32 error System Darwin 14.3.0
33 error command "node" "/usr/local/bin/npm" "install" "--save" "body-p-parser"
34 error cwd /Users/Jeffrytandiono/Documents/Sem VI/WebLanjutan/AplikasiToDoList
35 error node -v v0.10.33
36 error npm -v 1.4.28
37 error code E404
38 verbose exit [ 1, true ]
